<?xml version="1.0" encoding="UTF-8"?>
<!-- Generated by org.testng.reporters.JUnitXMLReporter -->
<testsuite hostname="KOR1122636" ignored="48" name="Default test" tests="44" failures="0" timestamp="03 Feb 2022 05:22:26 GMT" time="0.242" errors="0">
  <testcase name="Printflows" time="0.0" classname="test.Print_NoPDF">
    <skipped/>
  </testcase> <!-- Printflows -->
  <testcase name="Eorderflow_RO" time="0.0" classname="test.Eorder_Romania">
    <skipped/>
  </testcase> <!-- Eorderflow_RO -->
  <testcase name="Eorderflow" time="0.0" classname="test.Eorder">
    <skipped/>
  </testcase> <!-- Eorderflow -->
  <testcase name="Filter_Products" time="0.0" classname="test.Filter_Validation">
    <skipped/>
  </testcase> <!-- Filter_Products -->
  <testcase name="Filter_Voltage" time="0.0" classname="test.Filter_Validation">
    <skipped/>
  </testcase> <!-- Filter_Voltage -->
  <testcase name="Eshopflow" time="0.0" classname="test.Eshop">
    <skipped/>
  </testcase> <!-- Eshopflow -->
  <testcase name="PrintDremel" time="0.0" classname="test.Print_RU_US">
    <skipped/>
  </testcase> <!-- PrintDremel -->
  <testcase name="PrintSkill" time="0.0" classname="test.Print_RU_US">
    <skipped/>
  </testcase> <!-- PrintSkill -->
  <testcase name="Printflow" time="0.0" classname="test.Print_RU_US">
    <skipped/>
  </testcase> <!-- Printflow -->
  <testcase name="DremelEshop" time="0.0" classname="test.Eshop_SK_CZ">
    <skipped/>
  </testcase> <!-- DremelEshop -->
  <testcase name="Eshopflow" time="0.0" classname="test.Eshop_SK_CZ">
    <skipped/>
  </testcase> <!-- Eshopflow -->
  <testcase name="SkillEshop" time="0.0" classname="test.Eshop_SK_CZ">
    <skipped/>
  </testcase> <!-- SkillEshop -->
  <testcase name="Printflow" time="0.0" classname="test.Print">
    <skipped/>
  </testcase> <!-- Printflow -->
  <testcase name="EorderSkillflow" time="0.0" classname="test.Eorder_Skill">
    <skipped/>
  </testcase> <!-- EorderSkillflow -->
  <testcase name="GooglePage" time="0.0" classname="test.ParallelTest">
    <skipped/>
  </testcase> <!-- GooglePage -->
  <testcase name="TestTwoDriverInst" time="0.0" classname="test.ParallelTest">
    <skipped/>
  </testcase> <!-- TestTwoDriverInst -->
  <testcase name="YoutubePage" time="0.0" classname="test.ParallelTest">
    <skipped/>
  </testcase> <!-- YoutubePage -->
  <testcase name="EorderDremelflow" time="0.0" classname="test.Eorder_DREMEL">
    <skipped/>
  </testcase> <!-- EorderDremelflow -->
  <testcase name="SkillNavigation" time="0.0" classname="test.Skill_Closed">
    <skipped/>
  </testcase> <!-- SkillNavigation -->
  <testcase name="SampleTestMethod" time="0.0" classname="test.SampleTestBrowser">
    <skipped/>
  </testcase> <!-- SampleTestMethod -->
  <testcase name="SampleTestMethod2" time="0.0" classname="test.SampleTestBrowser">
    <skipped/>
  </testcase> <!-- SampleTestMethod2 -->
  <testcase name="SampleTestMethod3" time="0.0" classname="test.SampleTestBrowser">
    <skipped/>
  </testcase> <!-- SampleTestMethod3 -->
  <testcase name="DremelEshop" time="0.0" classname="test.Explosion_Diagram">
    <skipped/>
  </testcase> <!-- DremelEshop -->
  <testcase name="Explosion" time="0.0" classname="test.Explosion_Diagram">
    <skipped/>
  </testcase> <!-- Explosion -->
  <testcase name="Explosion_Headers" time="0.0" classname="test.Explosion_Diagram">
    <skipped/>
  </testcase> <!-- Explosion_Headers -->
  <testcase name="SkillEshop" time="0.0" classname="test.Explosion_Diagram">
    <skipped/>
  </testcase> <!-- SkillEshop -->
  <testcase name="PrintSkill" time="0.0" classname="test.Print_Skill">
    <skipped/>
  </testcase> <!-- PrintSkill -->
  <testcase name="DremelEshop" time="0.0" classname="test.Eshop_Italy_TAX">
    <skipped/>
  </testcase> <!-- DremelEshop -->
  <testcase name="Eshopflow" time="0.0" classname="test.Eshop_Italy_TAX">
    <skipped/>
  </testcase> <!-- Eshopflow -->
  <testcase name="SkillEshop" time="0.0" classname="test.Eshop_Italy_TAX">
    <skipped/>
  </testcase> <!-- SkillEshop -->
  <testcase name="PrintDremel" time="0.0" classname="test.Print_Dremel">
    <skipped/>
  </testcase> <!-- PrintDremel -->
  <testcase name="Validation" time="0.0" classname="test.Print_Eorder_Validation">
    <skipped/>
  </testcase> <!-- Validation -->
  <testcase name="ValidationDremel" time="0.0" classname="test.Print_Eorder_Validation">
    <skipped/>
  </testcase> <!-- ValidationDremel -->
  <testcase name="ValidationSkill" time="0.0" classname="test.Print_Eorder_Validation">
    <skipped/>
  </testcase> <!-- ValidationSkill -->
  <testcase name="Eorderflow" time="0.0" classname="test.Eorder_Serbia">
    <skipped/>
  </testcase> <!-- Eorderflow -->
  <testcase name="DremelEshop" time="0.0" classname="test.Dremel">
    <skipped/>
  </testcase> <!-- DremelEshop -->
  <testcase name="SkillEshop" time="0.0" classname="test.Skill">
    <skipped/>
  </testcase> <!-- SkillEshop -->
  <testcase name="Validation" time="0.0" classname="test.Eshop_Validation">
    <skipped/>
  </testcase> <!-- Validation -->
  <testcase name="ValidationDremel" time="0.0" classname="test.Eshop_Validation">
    <skipped/>
  </testcase> <!-- ValidationDremel -->
  <testcase name="ValidationSkill" time="0.0" classname="test.Eshop_Validation">
    <skipped/>
  </testcase> <!-- ValidationSkill -->
  <testcase name="Eorderflow" time="0.0" classname="test.Eorder_Poland">
    <skipped/>
  </testcase> <!-- Eorderflow -->
  <testcase name="DremelEshop" time="0.0" classname="test.Eshop_TAX_Mandatory">
    <skipped/>
  </testcase> <!-- DremelEshop -->
  <testcase name="Eshopflow" time="0.0" classname="test.Eshop_TAX_Mandatory">
    <skipped/>
  </testcase> <!-- Eshopflow -->
  <testcase name="SkillEshop" time="0.0" classname="test.Eshop_TAX_Mandatory">
    <skipped/>
  </testcase> <!-- SkillEshop -->
  <testcase name="@BeforeSuite beforeSuite" time="0.0" classname="baseTest.TestNgBase">
    <ignored/>
  </testcase> <!-- @BeforeSuite beforeSuite -->
  <testcase name="@BeforeSuite beforeSuite" time="0.0" classname="baseTest.TestNgBase">
    <ignored/>
  </testcase> <!-- @BeforeSuite beforeSuite -->
  <testcase name="@BeforeSuite beforeSuite" time="0.0" classname="baseTest.TestNgBase">
    <ignored/>
  </testcase> <!-- @BeforeSuite beforeSuite -->
  <testcase name="@BeforeSuite beforeSuite" time="0.0" classname="baseTest.TestNgBase">
    <ignored/>
  </testcase> <!-- @BeforeSuite beforeSuite -->
  <testcase name="@BeforeSuite beforeSuite" time="0.0" classname="baseTest.TestNgBase">
    <ignored/>
  </testcase> <!-- @BeforeSuite beforeSuite -->
  <testcase name="@BeforeSuite beforeSuite" time="0.0" classname="baseTest.TestNgBase">
    <ignored/>
  </testcase> <!-- @BeforeSuite beforeSuite -->
  <testcase name="@BeforeSuite beforeSuite" time="0.0" classname="baseTest.TestNgBase">
    <ignored/>
  </testcase> <!-- @BeforeSuite beforeSuite -->
  <testcase name="@BeforeSuite beforeSuite" time="0.0" classname="baseTest.TestNgBase">
    <ignored/>
  </testcase> <!-- @BeforeSuite beforeSuite -->
  <testcase name="@BeforeSuite beforeSuite" time="0.0" classname="baseTest.TestNgBase">
    <ignored/>
  </testcase> <!-- @BeforeSuite beforeSuite -->
  <testcase name="@BeforeSuite beforeSuite" time="0.0" classname="baseTest.TestNgBase">
    <ignored/>
  </testcase> <!-- @BeforeSuite beforeSuite -->
  <testcase name="@BeforeSuite beforeSuite" time="0.0" classname="baseTest.TestNgBase">
    <ignored/>
  </testcase> <!-- @BeforeSuite beforeSuite -->
  <testcase name="@BeforeSuite beforeSuite" time="0.0" classname="baseTest.TestNgBase">
    <ignored/>
  </testcase> <!-- @BeforeSuite beforeSuite -->
  <testcase name="@BeforeSuite beforeSuite" time="0.0" classname="baseTest.TestNgBase">
    <ignored/>
  </testcase> <!-- @BeforeSuite beforeSuite -->
  <testcase name="@BeforeSuite beforeSuite" time="0.0" classname="baseTest.TestNgBase">
    <ignored/>
  </testcase> <!-- @BeforeSuite beforeSuite -->
  <testcase name="@BeforeSuite beforeSuite" time="0.0" classname="baseTest.TestNgBase">
    <ignored/>
  </testcase> <!-- @BeforeSuite beforeSuite -->
  <testcase name="@BeforeSuite beforeSuite" time="0.0" classname="baseTest.TestNgBase">
    <ignored/>
  </testcase> <!-- @BeforeSuite beforeSuite -->
  <testcase name="@BeforeSuite beforeSuite" time="0.0" classname="baseTest.TestNgBase">
    <ignored/>
  </testcase> <!-- @BeforeSuite beforeSuite -->
  <testcase name="@BeforeSuite beforeSuite" time="0.0" classname="baseTest.TestNgBase">
    <ignored/>
  </testcase> <!-- @BeforeSuite beforeSuite -->
  <testcase name="@BeforeSuite beforeSuite" time="0.0" classname="baseTest.TestNgBase">
    <ignored/>
  </testcase> <!-- @BeforeSuite beforeSuite -->
  <testcase name="@BeforeSuite beforeSuite" time="0.0" classname="baseTest.TestNgBase">
    <ignored/>
  </testcase> <!-- @BeforeSuite beforeSuite -->
  <testcase name="@BeforeSuite beforeSuite" time="0.0" classname="baseTest.TestNgBase">
    <ignored/>
  </testcase> <!-- @BeforeSuite beforeSuite -->
  <testcase name="@BeforeSuite beforeSuite" time="0.0" classname="baseTest.TestNgBase">
    <ignored/>
  </testcase> <!-- @BeforeSuite beforeSuite -->
  <testcase name="@BeforeSuite beforeSuite" time="0.0" classname="baseTest.TestNgBase">
    <ignored/>
  </testcase> <!-- @BeforeSuite beforeSuite -->
  <testcase name="@BeforeSuite beforeSuite" time="0.0" classname="baseTest.TestNgBase">
    <ignored/>
  </testcase> <!-- @BeforeSuite beforeSuite -->
  <testcase name="@AfterSuite afterSuite" time="0.0" classname="baseTest.TestNgBase">
    <ignored/>
  </testcase> <!-- @AfterSuite afterSuite -->
  <testcase name="@AfterSuite afterSuite" time="0.0" classname="baseTest.TestNgBase">
    <ignored/>
  </testcase> <!-- @AfterSuite afterSuite -->
  <testcase name="@AfterSuite afterSuite" time="0.0" classname="baseTest.TestNgBase">
    <ignored/>
  </testcase> <!-- @AfterSuite afterSuite -->
  <testcase name="@AfterSuite afterSuite" time="0.0" classname="baseTest.TestNgBase">
    <ignored/>
  </testcase> <!-- @AfterSuite afterSuite -->
  <testcase name="@AfterSuite afterSuite" time="0.0" classname="baseTest.TestNgBase">
    <ignored/>
  </testcase> <!-- @AfterSuite afterSuite -->
  <testcase name="@AfterSuite afterSuite" time="0.0" classname="baseTest.TestNgBase">
    <ignored/>
  </testcase> <!-- @AfterSuite afterSuite -->
  <testcase name="@AfterSuite afterSuite" time="0.0" classname="baseTest.TestNgBase">
    <ignored/>
  </testcase> <!-- @AfterSuite afterSuite -->
  <testcase name="@AfterSuite afterSuite" time="0.0" classname="baseTest.TestNgBase">
    <ignored/>
  </testcase> <!-- @AfterSuite afterSuite -->
  <testcase name="@AfterSuite afterSuite" time="0.0" classname="baseTest.TestNgBase">
    <ignored/>
  </testcase> <!-- @AfterSuite afterSuite -->
  <testcase name="@AfterSuite afterSuite" time="0.0" classname="baseTest.TestNgBase">
    <ignored/>
  </testcase> <!-- @AfterSuite afterSuite -->
  <testcase name="@AfterSuite afterSuite" time="0.0" classname="baseTest.TestNgBase">
    <ignored/>
  </testcase> <!-- @AfterSuite afterSuite -->
  <testcase name="@AfterSuite afterSuite" time="0.0" classname="baseTest.TestNgBase">
    <ignored/>
  </testcase> <!-- @AfterSuite afterSuite -->
  <testcase name="@AfterSuite afterSuite" time="0.0" classname="baseTest.TestNgBase">
    <ignored/>
  </testcase> <!-- @AfterSuite afterSuite -->
  <testcase name="@AfterSuite afterSuite" time="0.0" classname="baseTest.TestNgBase">
    <ignored/>
  </testcase> <!-- @AfterSuite afterSuite -->
  <testcase name="@AfterSuite afterSuite" time="0.0" classname="baseTest.TestNgBase">
    <ignored/>
  </testcase> <!-- @AfterSuite afterSuite -->
  <testcase name="@AfterSuite afterSuite" time="0.0" classname="baseTest.TestNgBase">
    <ignored/>
  </testcase> <!-- @AfterSuite afterSuite -->
  <testcase name="@AfterSuite afterSuite" time="0.0" classname="baseTest.TestNgBase">
    <ignored/>
  </testcase> <!-- @AfterSuite afterSuite -->
  <testcase name="@AfterSuite afterSuite" time="0.0" classname="baseTest.TestNgBase">
    <ignored/>
  </testcase> <!-- @AfterSuite afterSuite -->
  <testcase name="@AfterSuite afterSuite" time="0.0" classname="baseTest.TestNgBase">
    <ignored/>
  </testcase> <!-- @AfterSuite afterSuite -->
  <testcase name="@AfterSuite afterSuite" time="0.0" classname="baseTest.TestNgBase">
    <ignored/>
  </testcase> <!-- @AfterSuite afterSuite -->
  <testcase name="@AfterSuite afterSuite" time="0.0" classname="baseTest.TestNgBase">
    <ignored/>
  </testcase> <!-- @AfterSuite afterSuite -->
  <testcase name="@AfterSuite afterSuite" time="0.0" classname="baseTest.TestNgBase">
    <ignored/>
  </testcase> <!-- @AfterSuite afterSuite -->
  <testcase name="@AfterSuite afterSuite" time="0.0" classname="baseTest.TestNgBase">
    <ignored/>
  </testcase> <!-- @AfterSuite afterSuite -->
  <testcase name="@AfterSuite afterSuite" time="0.0" classname="baseTest.TestNgBase">
    <ignored/>
  </testcase> <!-- @AfterSuite afterSuite -->
</testsuite> <!-- Default test -->
